[debug] [2026-02-15T03:59:26.467Z] ----------------------------------------------------------------------
[debug] [2026-02-15T03:59:26.469Z] Command:       C:\Program Files\nodejs\node.exe C:\Users\Dewa\AppData\Roaming\npm\node_modules\firebase-tools\lib\bin\firebase.js init emulators
[debug] [2026-02-15T03:59:26.469Z] CLI Version:   15.4.0
[debug] [2026-02-15T03:59:26.469Z] Platform:      win32
[debug] [2026-02-15T03:59:26.469Z] Node Version:  v22.2.0
[debug] [2026-02-15T03:59:26.469Z] Time:          Sun Feb 15 2026 10:59:26 GMT+0700 (Indochina Time)
[debug] [2026-02-15T03:59:26.469Z] ----------------------------------------------------------------------
[debug] 
[debug] [2026-02-15T03:59:26.471Z] >>> [apiv2][query] GET https://firebase-public.firebaseio.com/cli.json [none]
[info] 
     ######## #### ########  ######## ########     ###     ######  ########
     ##        ##  ##     ## ##       ##     ##  ##   ##  ##       ##
     ######    ##  ########  ######   ########  #########  ######  ######
     ##        ##  ##    ##  ##       ##     ## ##     ##       ## ##
     ##       #### ##     ## ######## ########  ##     ##  ######  ########

You're about to initialize a Firebase project in this directory:

  D:\Coding\Next\CX-Tracking

[debug] [2026-02-15T03:59:28.567Z] <<< [apiv2][status] GET https://firebase-public.firebaseio.com/cli.json 200
[debug] [2026-02-15T03:59:28.567Z] <<< [apiv2][body] GET https://firebase-public.firebaseio.com/cli.json {"cloudBuildErrorAfter":1594252800000,"cloudBuildWarnAfter":1590019200000,"defaultNode10After":1594252800000,"minVersion":"3.0.5","node8DeploysDisabledAfter":1613390400000,"node8RuntimeDisabledAfter":1615809600000,"node8WarnAfter":1600128000000}
[info] 
=== Project Setup
[info] 
[info] First, let's associate this project directory with a Firebase project.
[info] You can create multiple project aliases by running firebase use --add, 
[info] 
[debug] [2026-02-15T04:00:05.462Z] > command requires scopes: ["email","openid","https://www.googleapis.com/auth/cloudplatformprojects.readonly","https://www.googleapis.com/auth/firebase","https://www.googleapis.com/auth/cloud-platform"]
[debug] [2026-02-15T04:00:05.463Z] > authorizing via signed-in user (fauzanahmad899@gmail.com)
[debug] [2026-02-15T04:00:05.463Z] Checked if tokens are valid: false, expires at: 1770531696222
[debug] [2026-02-15T04:00:05.464Z] Checked if tokens are valid: false, expires at: 1770531696222
[debug] [2026-02-15T04:00:05.464Z] > refreshing access token with scopes: []
[debug] [2026-02-15T04:00:05.464Z] >>> [apiv2][query] POST https://www.googleapis.com/oauth2/v3/token [none]
[debug] [2026-02-15T04:00:05.464Z] >>> [apiv2][body] POST https://www.googleapis.com/oauth2/v3/token [omitted]
[debug] [2026-02-15T04:00:05.574Z] <<< [apiv2][status] POST https://www.googleapis.com/oauth2/v3/token 200
[debug] [2026-02-15T04:00:05.574Z] <<< [apiv2][body] POST https://www.googleapis.com/oauth2/v3/token [omitted]
[debug] [2026-02-15T04:00:05.581Z] >>> [apiv2][query] GET https://firebase.googleapis.com/v1beta1/projects pageSize=100
[debug] [2026-02-15T04:00:06.337Z] <<< [apiv2][status] GET https://firebase.googleapis.com/v1beta1/projects 200
[debug] [2026-02-15T04:00:06.337Z] <<< [apiv2][body] GET https://firebase.googleapis.com/v1beta1/projects [omitted]
[debug] [2026-02-15T04:00:29.519Z] ExitPromptError: User force closed the prompt with SIGINT
    at Interface.sigint (C:\Users\Dewa\AppData\Roaming\npm\node_modules\firebase-tools\node_modules\@inquirer\core\dist\commonjs\lib\create-prompt.js:101:37)
    at Interface.emit (node:events:520:28)
    at [_ttyWrite] [as _ttyWrite] (node:internal/readline/interface:1125:18)
    at ReadStream.onkeypress (node:internal/readline/interface:264:20)
    at ReadStream.emit (node:events:532:35)
    at emitKeys (node:internal/readline/utils:371:14)
    at emitKeys.next (<anonymous>)
    at ReadStream.onData (node:internal/readline/emitKeypressEvents:64:36)
    at ReadStream.emit (node:events:520:28)
    at addChunk (node:internal/streams/readable:559:12)
[error] 
[error] Error: An unexpected error has occurred.
[debug] [2026-02-15T04:00:32.607Z] ----------------------------------------------------------------------
[debug] [2026-02-15T04:00:32.608Z] Command:       C:\Program Files\nodejs\node.exe C:\Users\Dewa\AppData\Roaming\npm\node_modules\firebase-tools\lib\bin\firebase.js init emulators
[debug] [2026-02-15T04:00:32.608Z] CLI Version:   15.4.0
[debug] [2026-02-15T04:00:32.609Z] Platform:      win32
[debug] [2026-02-15T04:00:32.609Z] Node Version:  v22.2.0
[debug] [2026-02-15T04:00:32.609Z] Time:          Sun Feb 15 2026 11:00:32 GMT+0700 (Indochina Time)
[debug] [2026-02-15T04:00:32.609Z] ----------------------------------------------------------------------
[debug] 
[info] 
     ######## #### ########  ######## ########     ###     ######  ########
     ##        ##  ##     ## ##       ##     ##  ##   ##  ##       ##
     ######    ##  ########  ######   ########  #########  ######  ######
     ##        ##  ##    ##  ##       ##     ## ##     ##       ## ##
     ##       #### ##     ## ######## ########  ##     ##  ######  ########

You're about to initialize a Firebase project in this directory:

  D:\Coding\Next\CX-Tracking

[info] 
=== Project Setup
[info] 
[info] First, let's associate this project directory with a Firebase project.
[info] You can create multiple project aliases by running firebase use --add, 
[info] 
[info] i  If you want to create a project in a Google Cloud organization or folder, please use "firebase projects:create" instead, and return to this command when you've created the project. 
[debug] [2026-02-15T04:02:45.973Z] > command requires scopes: ["email","openid","https://www.googleapis.com/auth/cloudplatformprojects.readonly","https://www.googleapis.com/auth/firebase","https://www.googleapis.com/auth/cloud-platform"]
[debug] [2026-02-15T04:02:45.974Z] > authorizing via signed-in user (fauzanahmad899@gmail.com)
[debug] [2026-02-15T04:02:51.448Z] Checked if tokens are valid: true, expires at: 1771131604574
[debug] [2026-02-15T04:02:51.449Z] Checked if tokens are valid: true, expires at: 1771131604574
[debug] [2026-02-15T04:02:51.450Z] >>> [apiv2][query] POST https://firebase.googleapis.com/v1/projects:checkProjectId [none]
[debug] [2026-02-15T04:02:51.450Z] >>> [apiv2][body] POST https://firebase.googleapis.com/v1/projects:checkProjectId {"proposedId":"cx-tracking"}
[debug] [2026-02-15T04:02:51.997Z] <<< [apiv2][status] POST https://firebase.googleapis.com/v1/projects:checkProjectId 200
[debug] [2026-02-15T04:02:51.997Z] <<< [apiv2][body] POST https://firebase.googleapis.com/v1/projects:checkProjectId {"projectIdStatus":"PROJECT_ID_UNAVAILABLE","suggestedProjectId":"cx-tracking-4198a"}
[debug] [2026-02-15T04:03:00.386Z] Checked if tokens are valid: true, expires at: 1771131604574
[debug] [2026-02-15T04:03:00.386Z] Checked if tokens are valid: true, expires at: 1771131604574
[debug] [2026-02-15T04:03:00.387Z] >>> [apiv2][query] POST https://firebase.googleapis.com/v1/projects:checkProjectId [none]
[debug] [2026-02-15T04:03:00.387Z] >>> [apiv2][body] POST https://firebase.googleapis.com/v1/projects:checkProjectId {"proposedId":"cx_tracking"}
[debug] [2026-02-15T04:03:00.700Z] <<< [apiv2][status] POST https://firebase.googleapis.com/v1/projects:checkProjectId 400
[debug] [2026-02-15T04:03:00.701Z] <<< [apiv2][body] POST https://firebase.googleapis.com/v1/projects:checkProjectId {"error":{"code":400,"message":"Request contains an invalid argument.","status":"INVALID_ARGUMENT"}}
[debug] [2026-02-15T04:03:00.701Z] Couldn't check if project ID cx_tracking is available. Original error: FirebaseError: Failed to check if project ID is available. See firebase-debug.log for more info.
[debug] [2026-02-15T04:22:17.106Z] Checked if tokens are valid: true, expires at: 1771131604574
[debug] [2026-02-15T04:22:17.106Z] Checked if tokens are valid: true, expires at: 1771131604574
[debug] [2026-02-15T04:22:17.106Z] >>> [apiv2][query] POST https://cloudresourcemanager.googleapis.com/v1/projects [none]
[debug] [2026-02-15T04:22:17.106Z] >>> [apiv2][body] POST https://cloudresourcemanager.googleapis.com/v1/projects {"projectId":"cx_tracking","name":"cx_tracking"}
[debug] [2026-02-15T04:22:17.408Z] <<< [apiv2][status] POST https://cloudresourcemanager.googleapis.com/v1/projects 400
[debug] [2026-02-15T04:22:17.408Z] <<< [apiv2][body] POST https://cloudresourcemanager.googleapis.com/v1/projects {"error":{"code":400,"message":"Request contains an invalid argument.","status":"INVALID_ARGUMENT","details":[{"@type":"type.googleapis.com/google.rpc.BadRequest","fieldViolations":[{"field":"project_id","description":"project_id contains invalid characters"},{"field":"display_name","description":"project display name contains invalid characters"}]},{"@type":"type.googleapis.com/google.rpc.Help","links":[{"url":"https://cloud.google.com/resource-manager/reference/rest/v1/projects"}]}]}}
[debug] [2026-02-15T04:22:17.478Z] FirebaseError: Request to https://cloudresourcemanager.googleapis.com/v1/projects had HTTP Error: 400, Request contains an invalid argument.
    at responseToError (C:\Users\Dewa\AppData\Roaming\npm\node_modules\firebase-tools\lib\responseToError.js:53:12)
    at RetryOperation._fn (C:\Users\Dewa\AppData\Roaming\npm\node_modules\firebase-tools\lib\apiv2.js:325:77)
    at process.processTicksAndRejections (node:internal/process/task_queues:95:5)
[error] 
[error] Error: Failed to create project. See firebase-debug.log for more info.
